2020-06-21 14:55:21.786 [main] INFO  com.liveintent.test.BaseTest - **-------------------------------START TEST-------------------------------**
2020-06-21 14:55:21.792 [main] DEBUG com.liveintent.test.BaseTest - Reading Test data from data/test-data.xlsx
2020-06-21 14:55:21.795 [main] DEBUG com.liveintent.configuration.ReadTestData - laod the xlsx from data/test-data.xlsx
2020-06-21 14:55:22.207 [main] DEBUG com.liveintent.configuration.ReadTestData - Getting data from workbook sheet
2020-06-21 14:55:22.208 [main] DEBUG com.liveintent.configuration.ReadTestData - Getting data from each row of sheet
2020-06-21 14:55:22.208 [main] DEBUG com.liveintent.configuration.ReadTestData - Getting data from each cell of row
2020-06-21 14:55:22.212 [main] DEBUG com.liveintent.configuration.ReadTestData - Getting data from each cell of row
2020-06-21 14:55:22.213 [main] DEBUG com.liveintent.configuration.ReadTestData - Getting data from each cell of row
2020-06-21 14:55:22.213 [main] DEBUG com.liveintent.configuration.ReadTestData - Getting data from each cell of row
2020-06-21 14:55:22.214 [main] DEBUG com.liveintent.configuration.ReadTestData - Getting data from each cell of row
2020-06-21 14:55:22.214 [main] DEBUG com.liveintent.configuration.ReadTestData - Getting data from each cell of row
2020-06-21 14:55:22.215 [main] DEBUG com.liveintent.configuration.ReadTestData - Getting data from each cell of row
2020-06-21 14:55:22.215 [main] DEBUG com.liveintent.configuration.ReadTestData - Getting data from each cell of row
2020-06-21 14:55:22.216 [main] DEBUG com.liveintent.configuration.ReadTestData - Getting data from each cell of row
2020-06-21 14:55:22.217 [main] DEBUG com.liveintent.configuration.ReadTestData - Getting data from each cell of row
2020-06-21 14:55:22.218 [main] DEBUG com.liveintent.configuration.ReadTestData - Getting data from each cell of row
2020-06-21 14:55:22.218 [main] DEBUG com.liveintent.configuration.ReadTestData - Getting data from each cell of row
2020-06-21 14:55:22.219 [main] DEBUG com.liveintent.configuration.ReadTestData - Getting data from each cell of row
2020-06-21 14:55:22.219 [main] DEBUG com.liveintent.configuration.ReadTestData - Getting data from each cell of row
2020-06-21 14:55:22.220 [main] DEBUG com.liveintent.configuration.ReadTestData - Getting data from each cell of row
2020-06-21 14:55:22.220 [main] DEBUG com.liveintent.configuration.ReadTestData - Getting data from each cell of row
2020-06-21 14:55:22.221 [main] DEBUG com.liveintent.configuration.ReadTestData - Getting data from each cell of row
2020-06-21 14:55:22.221 [main] DEBUG com.liveintent.configuration.ReadTestData - Getting data from each cell of row
2020-06-21 14:55:22.222 [main] DEBUG com.liveintent.configuration.ReadTestData - Getting data from each cell of row
2020-06-21 14:55:22.222 [main] DEBUG com.liveintent.configuration.ReadTestData - Getting data from each cell of row
2020-06-21 14:55:22.223 [main] DEBUG com.liveintent.configuration.ReadTestData - Getting data from each cell of row
2020-06-21 14:55:22.223 [main] DEBUG com.liveintent.configuration.ReadTestData - Getting data from each cell of row
2020-06-21 14:55:22.224 [main] DEBUG com.liveintent.configuration.ReadTestData - Getting data from each cell of row
2020-06-21 14:55:22.225 [main] DEBUG com.liveintent.configuration.ReadTestData - Getting data from each cell of row
2020-06-21 14:55:22.225 [main] DEBUG com.liveintent.configuration.ReadTestData - Getting data from each cell of row
2020-06-21 14:55:22.227 [main] DEBUG com.liveintent.configuration.ReadTestData - Getting data from each cell of row
2020-06-21 14:55:22.227 [main] DEBUG com.liveintent.configuration.ReadTestData - Getting data from each cell of row
2020-06-21 14:55:22.242 [TestNG-test=Routing Test-1] INFO  com.liveintent.Utilities.BaseUtil - Reading Properties from properties/config.properties
2020-06-21 14:55:22.244 [TestNG-test=Routing Test-1] DEBUG com.liveintent.configuration.ReadProperties - Getting config file from path properties/config.properties
2020-06-21 14:55:22.245 [TestNG-test=Routing Test-1] INFO  com.liveintent.Utilities.BaseUtil - Get the rout url
2020-06-21 14:55:22.777 [TestNG-test=Routing Test-1] INFO  com.liveintent.Utilities.BaseUtil - Reading Properties from properties/config.properties
2020-06-21 14:55:22.778 [TestNG-test=Routing Test-1] DEBUG com.liveintent.configuration.ReadProperties - Getting config file from path properties/config.properties
2020-06-21 14:55:22.778 [TestNG-test=Routing Test-1] DEBUG com.liveintent.Utilities.BaseUtil - Set the Kinesis url and the region
2020-06-21 14:55:22.780 [TestNG-test=Routing Test-1] DEBUG com.liveintent.Utilities.BaseUtil - Set the Kinesis access key and secret
2020-06-21 14:55:22.781 [TestNG-test=Routing Test-1] DEBUG com.liveintent.Utilities.BaseUtil - Build kinesis client
2020-06-21 14:55:23.286 [TestNG-test=Routing Test-1] INFO  com.liveintent.test.BaseTest - Route with 1
2020-06-21 14:55:23.287 [TestNG-test=Routing Test-1] INFO  com.liveintent.Utilities.BaseUtil - Send GET Request with seed 1
2020-06-21 14:55:23.287 [TestNG-test=Routing Test-1] DEBUG com.liveintent.helper.RestHelper - Send GET request with url 1
2020-06-21 14:55:23.792 [TestNG-test=Routing Test-1] INFO  com.liveintent.test.BaseTest - Verify routing with seed 1, Results in status code 200
2020-06-21 14:55:23.793 [TestNG-test=Routing Test-1] INFO  com.liveintent.Utilities.BaseUtil - Assert Status Code in Response
2020-06-21 14:55:23.794 [TestNG-test=Routing Test-1] INFO  com.liveintent.test.BaseTest - Verify X-Transaction-Id header is present in response
2020-06-21 14:55:23.794 [TestNG-test=Routing Test-1] INFO  com.liveintent.Utilities.BaseUtil - Assert header in Response
2020-06-21 14:55:23.795 [TestNG-test=Routing Test-1] INFO  com.liveintent.test.BaseTest - Verify data routed to the correct stream
2020-06-21 14:55:23.795 [TestNG-test=Routing Test-1] DEBUG com.liveintent.Utilities.BaseUtil - Check if the seed is even 1
2020-06-21 14:55:23.796 [TestNG-test=Routing Test-1] DEBUG com.liveintent.Utilities.BaseUtil - Assert if record is created in odd stream
2020-06-21 14:55:23.796 [TestNG-test=Routing Test-1] DEBUG com.liveintent.Utilities.BaseUtil - Get shard list
2020-06-21 14:55:23.798 [TestNG-test=Routing Test-1] DEBUG com.liveintent.Utilities.BaseUtil - List all shards in the stream li-stream-odd
2020-06-21 14:55:23.997 [TestNG-test=Routing Test-1] DEBUG com.liveintent.Utilities.BaseUtil - Get latest shard
2020-06-21 14:55:23.997 [TestNG-test=Routing Test-1] DEBUG com.liveintent.Utilities.BaseUtil - Get latest shard from the list of shards
2020-06-21 14:55:23.997 [TestNG-test=Routing Test-1] DEBUG com.liveintent.Utilities.BaseUtil - Get records
2020-06-21 14:55:23.998 [TestNG-test=Routing Test-1] DEBUG com.liveintent.Utilities.BaseUtil - Set shard iterator type to TRIM_HORIZON
2020-06-21 14:55:24.049 [TestNG-test=Routing Test-1] DEBUG com.liveintent.Utilities.BaseUtil - Set shard iterator type
2020-06-21 14:55:24.049 [TestNG-test=Routing Test-1] DEBUG com.liveintent.Utilities.BaseUtil - Get records from shard {ShardId: shardId-000000000000,HashKeyRange: {StartingHashKey: 0,EndingHashKey: 340282366920938463463374607431768211455},SequenceNumberRange: {StartingSequenceNumber: 49608164489422020316039798539215455046866857583219572738,}}
2020-06-21 14:55:24.148 [TestNG-test=Routing Test-1] DEBUG com.liveintent.Utilities.BaseUtil - Get latest record
2020-06-21 14:55:24.148 [TestNG-test=Routing Test-1] DEBUG com.liveintent.Utilities.BaseUtil - Get single record from the list of records
2020-06-21 14:55:24.158 [TestNG-test=Routing Test-1] DEBUG com.liveintent.Utilities.BaseUtil - Get partition key
2020-06-21 14:55:24.158 [TestNG-test=Routing Test-1] DEBUG com.liveintent.Utilities.BaseUtil - Get partition key from the record
2020-06-21 14:55:24.158 [TestNG-test=Routing Test-1] INFO  com.liveintent.Utilities.BaseUtil - Assert if record is not created in even stream
2020-06-21 14:55:24.158 [TestNG-test=Routing Test-1] DEBUG com.liveintent.Utilities.BaseUtil - Get shard list
2020-06-21 14:55:24.158 [TestNG-test=Routing Test-1] DEBUG com.liveintent.Utilities.BaseUtil - List all shards in the stream li-stream-even
2020-06-21 14:55:24.208 [TestNG-test=Routing Test-1] DEBUG com.liveintent.Utilities.BaseUtil - Get latest shard
2020-06-21 14:55:24.208 [TestNG-test=Routing Test-1] DEBUG com.liveintent.Utilities.BaseUtil - Get latest shard from the list of shards
2020-06-21 14:55:24.208 [TestNG-test=Routing Test-1] DEBUG com.liveintent.Utilities.BaseUtil - Get records
2020-06-21 14:55:24.208 [TestNG-test=Routing Test-1] DEBUG com.liveintent.Utilities.BaseUtil - Set shard iterator type to TRIM_HORIZON
2020-06-21 14:55:24.259 [TestNG-test=Routing Test-1] DEBUG com.liveintent.Utilities.BaseUtil - Set shard iterator type
2020-06-21 14:55:24.259 [TestNG-test=Routing Test-1] DEBUG com.liveintent.Utilities.BaseUtil - Get records from shard {ShardId: shardId-000000000000,HashKeyRange: {StartingHashKey: 0,EndingHashKey: 340282366920938463463374607431768211455},SequenceNumberRange: {StartingSequenceNumber: 49608164489422020316039798539215455046866857583219572738,}}
2020-06-21 14:55:24.278 [TestNG-test=Routing Test-1] DEBUG com.liveintent.Utilities.BaseUtil - Get latest record
2020-06-21 14:55:24.278 [TestNG-test=Routing Test-1] DEBUG com.liveintent.Utilities.BaseUtil - Get single record from the list of records
2020-06-21 14:55:24.279 [TestNG-test=Routing Test-1] DEBUG com.liveintent.Utilities.BaseUtil - Get partition key
2020-06-21 14:55:24.279 [TestNG-test=Routing Test-1] DEBUG com.liveintent.Utilities.BaseUtil - Get partition key from the record
2020-06-21 14:55:24.282 [TestNG-test=Routing Test-1] INFO  com.liveintent.test.BaseTest - Route with 2
2020-06-21 14:55:24.282 [TestNG-test=Routing Test-1] INFO  com.liveintent.Utilities.BaseUtil - Send GET Request with seed 2
2020-06-21 14:55:24.282 [TestNG-test=Routing Test-1] DEBUG com.liveintent.helper.RestHelper - Send GET request with url 2
2020-06-21 14:55:24.313 [TestNG-test=Routing Test-1] INFO  com.liveintent.test.BaseTest - Verify routing with seed 2, Results in status code 200
2020-06-21 14:55:24.313 [TestNG-test=Routing Test-1] INFO  com.liveintent.Utilities.BaseUtil - Assert Status Code in Response
2020-06-21 14:55:24.313 [TestNG-test=Routing Test-1] INFO  com.liveintent.test.BaseTest - Verify X-Transaction-Id header is present in response
2020-06-21 14:55:24.313 [TestNG-test=Routing Test-1] INFO  com.liveintent.Utilities.BaseUtil - Assert header in Response
2020-06-21 14:55:24.313 [TestNG-test=Routing Test-1] INFO  com.liveintent.test.BaseTest - Verify data routed to the correct stream
2020-06-21 14:55:24.316 [TestNG-test=Routing Test-1] DEBUG com.liveintent.Utilities.BaseUtil - Check if the seed is even 2
2020-06-21 14:55:24.316 [TestNG-test=Routing Test-1] INFO  com.liveintent.Utilities.BaseUtil - Assert if record is created in even stream
2020-06-21 14:55:24.316 [TestNG-test=Routing Test-1] DEBUG com.liveintent.Utilities.BaseUtil - Get shard list
2020-06-21 14:55:24.317 [TestNG-test=Routing Test-1] DEBUG com.liveintent.Utilities.BaseUtil - List all shards in the stream li-stream-even
2020-06-21 14:55:24.324 [TestNG-test=Routing Test-1] DEBUG com.liveintent.Utilities.BaseUtil - Get latest shard
2020-06-21 14:55:24.325 [TestNG-test=Routing Test-1] DEBUG com.liveintent.Utilities.BaseUtil - Get latest shard from the list of shards
2020-06-21 14:55:24.325 [TestNG-test=Routing Test-1] DEBUG com.liveintent.Utilities.BaseUtil - Get records
2020-06-21 14:55:24.325 [TestNG-test=Routing Test-1] DEBUG com.liveintent.Utilities.BaseUtil - Set shard iterator type to AFTER_SEQUENCE_NUMBER for even stream shard
2020-06-21 14:55:24.377 [TestNG-test=Routing Test-1] DEBUG com.liveintent.Utilities.BaseUtil - Set shard iterator type
2020-06-21 14:55:24.377 [TestNG-test=Routing Test-1] DEBUG com.liveintent.Utilities.BaseUtil - Get records from shard {ShardId: shardId-000000000000,HashKeyRange: {StartingHashKey: 0,EndingHashKey: 340282366920938463463374607431768211455},SequenceNumberRange: {StartingSequenceNumber: 49608164489422020316039798539215455046866857583219572738,}}
2020-06-21 14:55:24.427 [TestNG-test=Routing Test-1] DEBUG com.liveintent.Utilities.BaseUtil - Get latest record
2020-06-21 14:55:24.427 [TestNG-test=Routing Test-1] DEBUG com.liveintent.Utilities.BaseUtil - Get single record from the list of records
2020-06-21 14:55:24.428 [TestNG-test=Routing Test-1] DEBUG com.liveintent.Utilities.BaseUtil - Get partition key
2020-06-21 14:55:24.428 [TestNG-test=Routing Test-1] DEBUG com.liveintent.Utilities.BaseUtil - Get partition key from the record
2020-06-21 14:55:24.428 [TestNG-test=Routing Test-1] DEBUG com.liveintent.Utilities.BaseUtil - Assert if record is not created in odd stream
2020-06-21 14:55:24.428 [TestNG-test=Routing Test-1] DEBUG com.liveintent.Utilities.BaseUtil - Get shard list
2020-06-21 14:55:24.428 [TestNG-test=Routing Test-1] DEBUG com.liveintent.Utilities.BaseUtil - List all shards in the stream li-stream-odd
2020-06-21 14:55:24.480 [TestNG-test=Routing Test-1] DEBUG com.liveintent.Utilities.BaseUtil - Get latest shard
2020-06-21 14:55:24.481 [TestNG-test=Routing Test-1] DEBUG com.liveintent.Utilities.BaseUtil - Get latest shard from the list of shards
2020-06-21 14:55:24.481 [TestNG-test=Routing Test-1] DEBUG com.liveintent.Utilities.BaseUtil - Get records
2020-06-21 14:55:24.482 [TestNG-test=Routing Test-1] DEBUG com.liveintent.Utilities.BaseUtil - Set shard iterator type to AFTER_SEQUENCE_NUMBER for odd stream shard
2020-06-21 14:55:24.549 [TestNG-test=Routing Test-1] DEBUG com.liveintent.Utilities.BaseUtil - Set shard iterator type
2020-06-21 14:55:24.549 [TestNG-test=Routing Test-1] DEBUG com.liveintent.Utilities.BaseUtil - Get records from shard {ShardId: shardId-000000000000,HashKeyRange: {StartingHashKey: 0,EndingHashKey: 340282366920938463463374607431768211455},SequenceNumberRange: {StartingSequenceNumber: 49608164489422020316039798539215455046866857583219572738,}}
2020-06-21 14:55:24.603 [TestNG-test=Routing Test-1] DEBUG com.liveintent.Utilities.BaseUtil - Get latest record
2020-06-21 14:55:24.605 [TestNG-test=Routing Test-1] DEBUG com.liveintent.Utilities.BaseUtil - Get partition key
2020-06-21 14:55:24.605 [TestNG-test=Routing Test-1] DEBUG com.liveintent.Utilities.BaseUtil - Get partition key from the record
2020-06-21 14:55:24.606 [TestNG-test=Routing Test-1] INFO  com.liveintent.test.BaseTest - Route with 0
2020-06-21 14:55:24.606 [TestNG-test=Routing Test-1] INFO  com.liveintent.Utilities.BaseUtil - Send GET Request with seed 0
2020-06-21 14:55:24.606 [TestNG-test=Routing Test-1] DEBUG com.liveintent.helper.RestHelper - Send GET request with url 0
2020-06-21 14:55:24.643 [TestNG-test=Routing Test-1] INFO  com.liveintent.test.BaseTest - Verify routing with seed 0, Results in status code 200
2020-06-21 14:55:24.643 [TestNG-test=Routing Test-1] INFO  com.liveintent.Utilities.BaseUtil - Assert Status Code in Response
2020-06-21 14:55:24.643 [TestNG-test=Routing Test-1] INFO  com.liveintent.test.BaseTest - Verify X-Transaction-Id header is present in response
2020-06-21 14:55:24.643 [TestNG-test=Routing Test-1] INFO  com.liveintent.Utilities.BaseUtil - Assert header in Response
2020-06-21 14:55:24.643 [TestNG-test=Routing Test-1] INFO  com.liveintent.test.BaseTest - Verify data routed to the correct stream
2020-06-21 14:55:24.643 [TestNG-test=Routing Test-1] DEBUG com.liveintent.Utilities.BaseUtil - Check if the seed is even 0
2020-06-21 14:55:24.644 [TestNG-test=Routing Test-1] INFO  com.liveintent.Utilities.BaseUtil - Assert if record is created in even stream
2020-06-21 14:55:24.644 [TestNG-test=Routing Test-1] DEBUG com.liveintent.Utilities.BaseUtil - Get shard list
2020-06-21 14:55:24.644 [TestNG-test=Routing Test-1] DEBUG com.liveintent.Utilities.BaseUtil - List all shards in the stream li-stream-even
2020-06-21 14:55:24.654 [TestNG-test=Routing Test-1] DEBUG com.liveintent.Utilities.BaseUtil - Get latest shard
2020-06-21 14:55:24.654 [TestNG-test=Routing Test-1] DEBUG com.liveintent.Utilities.BaseUtil - Get latest shard from the list of shards
2020-06-21 14:55:24.654 [TestNG-test=Routing Test-1] DEBUG com.liveintent.Utilities.BaseUtil - Get records
2020-06-21 14:55:24.654 [TestNG-test=Routing Test-1] DEBUG com.liveintent.Utilities.BaseUtil - Set shard iterator type to AFTER_SEQUENCE_NUMBER for even stream shard
2020-06-21 14:55:24.705 [TestNG-test=Routing Test-1] DEBUG com.liveintent.Utilities.BaseUtil - Set shard iterator type
2020-06-21 14:55:24.705 [TestNG-test=Routing Test-1] DEBUG com.liveintent.Utilities.BaseUtil - Get records from shard {ShardId: shardId-000000000000,HashKeyRange: {StartingHashKey: 0,EndingHashKey: 340282366920938463463374607431768211455},SequenceNumberRange: {StartingSequenceNumber: 49608164489422020316039798539215455046866857583219572738,}}
2020-06-21 14:55:24.758 [TestNG-test=Routing Test-1] DEBUG com.liveintent.Utilities.BaseUtil - Get latest record
2020-06-21 14:55:24.759 [TestNG-test=Routing Test-1] DEBUG com.liveintent.Utilities.BaseUtil - Get single record from the list of records
2020-06-21 14:55:24.760 [TestNG-test=Routing Test-1] DEBUG com.liveintent.Utilities.BaseUtil - Get partition key
2020-06-21 14:55:24.760 [TestNG-test=Routing Test-1] DEBUG com.liveintent.Utilities.BaseUtil - Get partition key from the record
2020-06-21 14:55:24.760 [TestNG-test=Routing Test-1] DEBUG com.liveintent.Utilities.BaseUtil - Assert if record is not created in odd stream
2020-06-21 14:55:24.760 [TestNG-test=Routing Test-1] DEBUG com.liveintent.Utilities.BaseUtil - Get shard list
2020-06-21 14:55:24.760 [TestNG-test=Routing Test-1] DEBUG com.liveintent.Utilities.BaseUtil - List all shards in the stream li-stream-odd
2020-06-21 14:55:24.816 [TestNG-test=Routing Test-1] DEBUG com.liveintent.Utilities.BaseUtil - Get latest shard
2020-06-21 14:55:24.817 [TestNG-test=Routing Test-1] DEBUG com.liveintent.Utilities.BaseUtil - Get latest shard from the list of shards
2020-06-21 14:55:24.817 [TestNG-test=Routing Test-1] DEBUG com.liveintent.Utilities.BaseUtil - Get records
2020-06-21 14:55:24.817 [TestNG-test=Routing Test-1] DEBUG com.liveintent.Utilities.BaseUtil - Set shard iterator type to AFTER_SEQUENCE_NUMBER for odd stream shard
2020-06-21 14:55:24.873 [TestNG-test=Routing Test-1] DEBUG com.liveintent.Utilities.BaseUtil - Set shard iterator type
2020-06-21 14:55:24.874 [TestNG-test=Routing Test-1] DEBUG com.liveintent.Utilities.BaseUtil - Get records from shard {ShardId: shardId-000000000000,HashKeyRange: {StartingHashKey: 0,EndingHashKey: 340282366920938463463374607431768211455},SequenceNumberRange: {StartingSequenceNumber: 49608164489422020316039798539215455046866857583219572738,}}
2020-06-21 14:55:24.929 [TestNG-test=Routing Test-1] DEBUG com.liveintent.Utilities.BaseUtil - Get latest record
2020-06-21 14:55:24.930 [TestNG-test=Routing Test-1] DEBUG com.liveintent.Utilities.BaseUtil - Get partition key
2020-06-21 14:55:24.930 [TestNG-test=Routing Test-1] DEBUG com.liveintent.Utilities.BaseUtil - Get partition key from the record
2020-06-21 14:55:24.931 [TestNG-test=Routing Test-1] INFO  com.liveintent.test.BaseTest - Route with 79
2020-06-21 14:55:24.931 [TestNG-test=Routing Test-1] INFO  com.liveintent.Utilities.BaseUtil - Send GET Request with seed 79
2020-06-21 14:55:24.931 [TestNG-test=Routing Test-1] DEBUG com.liveintent.helper.RestHelper - Send GET request with url 79
2020-06-21 14:55:24.959 [TestNG-test=Routing Test-1] INFO  com.liveintent.test.BaseTest - Verify routing with seed 79, Results in status code 200
2020-06-21 14:55:24.960 [TestNG-test=Routing Test-1] INFO  com.liveintent.Utilities.BaseUtil - Assert Status Code in Response
2020-06-21 14:55:24.960 [TestNG-test=Routing Test-1] INFO  com.liveintent.test.BaseTest - Verify X-Transaction-Id header is present in response
2020-06-21 14:55:24.960 [TestNG-test=Routing Test-1] INFO  com.liveintent.Utilities.BaseUtil - Assert header in Response
2020-06-21 14:55:24.960 [TestNG-test=Routing Test-1] INFO  com.liveintent.test.BaseTest - Verify data routed to the correct stream
2020-06-21 14:55:24.960 [TestNG-test=Routing Test-1] DEBUG com.liveintent.Utilities.BaseUtil - Check if the seed is even 79
2020-06-21 14:55:24.960 [TestNG-test=Routing Test-1] DEBUG com.liveintent.Utilities.BaseUtil - Assert if record is created in odd stream
2020-06-21 14:55:24.960 [TestNG-test=Routing Test-1] DEBUG com.liveintent.Utilities.BaseUtil - Get shard list
2020-06-21 14:55:24.960 [TestNG-test=Routing Test-1] DEBUG com.liveintent.Utilities.BaseUtil - List all shards in the stream li-stream-odd
2020-06-21 14:55:25.013 [TestNG-test=Routing Test-1] DEBUG com.liveintent.Utilities.BaseUtil - Get latest shard
2020-06-21 14:55:25.014 [TestNG-test=Routing Test-1] DEBUG com.liveintent.Utilities.BaseUtil - Get latest shard from the list of shards
2020-06-21 14:55:25.014 [TestNG-test=Routing Test-1] DEBUG com.liveintent.Utilities.BaseUtil - Get records
2020-06-21 14:55:25.014 [TestNG-test=Routing Test-1] DEBUG com.liveintent.Utilities.BaseUtil - Set shard iterator type to AFTER_SEQUENCE_NUMBER for odd stream shard
2020-06-21 14:55:25.065 [TestNG-test=Routing Test-1] DEBUG com.liveintent.Utilities.BaseUtil - Set shard iterator type
2020-06-21 14:55:25.066 [TestNG-test=Routing Test-1] DEBUG com.liveintent.Utilities.BaseUtil - Get records from shard {ShardId: shardId-000000000000,HashKeyRange: {StartingHashKey: 0,EndingHashKey: 340282366920938463463374607431768211455},SequenceNumberRange: {StartingSequenceNumber: 49608164489422020316039798539215455046866857583219572738,}}
2020-06-21 14:55:25.125 [TestNG-test=Routing Test-1] DEBUG com.liveintent.Utilities.BaseUtil - Get latest record
2020-06-21 14:55:25.125 [TestNG-test=Routing Test-1] DEBUG com.liveintent.Utilities.BaseUtil - Get single record from the list of records
2020-06-21 14:55:25.125 [TestNG-test=Routing Test-1] DEBUG com.liveintent.Utilities.BaseUtil - Get partition key
2020-06-21 14:55:25.126 [TestNG-test=Routing Test-1] DEBUG com.liveintent.Utilities.BaseUtil - Get partition key from the record
2020-06-21 14:55:25.126 [TestNG-test=Routing Test-1] INFO  com.liveintent.Utilities.BaseUtil - Assert if record is not created in even stream
2020-06-21 14:55:25.126 [TestNG-test=Routing Test-1] DEBUG com.liveintent.Utilities.BaseUtil - Get shard list
2020-06-21 14:55:25.126 [TestNG-test=Routing Test-1] DEBUG com.liveintent.Utilities.BaseUtil - List all shards in the stream li-stream-even
2020-06-21 14:55:25.176 [TestNG-test=Routing Test-1] DEBUG com.liveintent.Utilities.BaseUtil - Get latest shard
2020-06-21 14:55:25.176 [TestNG-test=Routing Test-1] DEBUG com.liveintent.Utilities.BaseUtil - Get latest shard from the list of shards
2020-06-21 14:55:25.177 [TestNG-test=Routing Test-1] DEBUG com.liveintent.Utilities.BaseUtil - Get records
2020-06-21 14:55:25.177 [TestNG-test=Routing Test-1] DEBUG com.liveintent.Utilities.BaseUtil - Set shard iterator type to AFTER_SEQUENCE_NUMBER for even stream shard
2020-06-21 14:55:25.229 [TestNG-test=Routing Test-1] DEBUG com.liveintent.Utilities.BaseUtil - Set shard iterator type
2020-06-21 14:55:25.229 [TestNG-test=Routing Test-1] DEBUG com.liveintent.Utilities.BaseUtil - Get records from shard {ShardId: shardId-000000000000,HashKeyRange: {StartingHashKey: 0,EndingHashKey: 340282366920938463463374607431768211455},SequenceNumberRange: {StartingSequenceNumber: 49608164489422020316039798539215455046866857583219572738,}}
2020-06-21 14:55:25.287 [TestNG-test=Routing Test-1] DEBUG com.liveintent.Utilities.BaseUtil - Get latest record
2020-06-21 14:55:25.287 [TestNG-test=Routing Test-1] DEBUG com.liveintent.Utilities.BaseUtil - Get partition key
2020-06-21 14:55:25.287 [TestNG-test=Routing Test-1] DEBUG com.liveintent.Utilities.BaseUtil - Get partition key from the record
2020-06-21 14:55:25.289 [TestNG-test=Routing Test-1] INFO  com.liveintent.test.BaseTest - Route with 254
2020-06-21 14:55:25.289 [TestNG-test=Routing Test-1] INFO  com.liveintent.Utilities.BaseUtil - Send GET Request with seed 254
2020-06-21 14:55:25.289 [TestNG-test=Routing Test-1] DEBUG com.liveintent.helper.RestHelper - Send GET request with url 254
2020-06-21 14:55:25.315 [TestNG-test=Routing Test-1] INFO  com.liveintent.test.BaseTest - Verify routing with seed 254, Results in status code 200
2020-06-21 14:55:25.315 [TestNG-test=Routing Test-1] INFO  com.liveintent.Utilities.BaseUtil - Assert Status Code in Response
2020-06-21 14:55:25.315 [TestNG-test=Routing Test-1] INFO  com.liveintent.test.BaseTest - Verify X-Transaction-Id header is present in response
2020-06-21 14:55:25.315 [TestNG-test=Routing Test-1] INFO  com.liveintent.Utilities.BaseUtil - Assert header in Response
2020-06-21 14:55:25.315 [TestNG-test=Routing Test-1] INFO  com.liveintent.test.BaseTest - Verify data routed to the correct stream
2020-06-21 14:55:25.315 [TestNG-test=Routing Test-1] DEBUG com.liveintent.Utilities.BaseUtil - Check if the seed is even 254
2020-06-21 14:55:25.315 [TestNG-test=Routing Test-1] INFO  com.liveintent.Utilities.BaseUtil - Assert if record is created in even stream
2020-06-21 14:55:25.315 [TestNG-test=Routing Test-1] DEBUG com.liveintent.Utilities.BaseUtil - Get shard list
2020-06-21 14:55:25.316 [TestNG-test=Routing Test-1] DEBUG com.liveintent.Utilities.BaseUtil - List all shards in the stream li-stream-even
2020-06-21 14:55:25.371 [TestNG-test=Routing Test-1] DEBUG com.liveintent.Utilities.BaseUtil - Get latest shard
2020-06-21 14:55:25.371 [TestNG-test=Routing Test-1] DEBUG com.liveintent.Utilities.BaseUtil - Get latest shard from the list of shards
2020-06-21 14:55:25.371 [TestNG-test=Routing Test-1] DEBUG com.liveintent.Utilities.BaseUtil - Get records
2020-06-21 14:55:25.372 [TestNG-test=Routing Test-1] DEBUG com.liveintent.Utilities.BaseUtil - Set shard iterator type to AFTER_SEQUENCE_NUMBER for even stream shard
2020-06-21 14:55:25.433 [TestNG-test=Routing Test-1] DEBUG com.liveintent.Utilities.BaseUtil - Set shard iterator type
2020-06-21 14:55:25.434 [TestNG-test=Routing Test-1] DEBUG com.liveintent.Utilities.BaseUtil - Get records from shard {ShardId: shardId-000000000000,HashKeyRange: {StartingHashKey: 0,EndingHashKey: 340282366920938463463374607431768211455},SequenceNumberRange: {StartingSequenceNumber: 49608164489422020316039798539215455046866857583219572738,}}
2020-06-21 14:55:25.495 [TestNG-test=Routing Test-1] DEBUG com.liveintent.Utilities.BaseUtil - Get latest record
2020-06-21 14:55:25.495 [TestNG-test=Routing Test-1] DEBUG com.liveintent.Utilities.BaseUtil - Get single record from the list of records
2020-06-21 14:55:25.496 [TestNG-test=Routing Test-1] DEBUG com.liveintent.Utilities.BaseUtil - Get partition key
2020-06-21 14:55:25.496 [TestNG-test=Routing Test-1] DEBUG com.liveintent.Utilities.BaseUtil - Get partition key from the record
2020-06-21 14:55:25.506 [TestNG-test=Routing Test-1] DEBUG com.liveintent.Utilities.BaseUtil - Assert if record is not created in odd stream
2020-06-21 14:55:25.506 [TestNG-test=Routing Test-1] DEBUG com.liveintent.Utilities.BaseUtil - Get shard list
2020-06-21 14:55:25.506 [TestNG-test=Routing Test-1] DEBUG com.liveintent.Utilities.BaseUtil - List all shards in the stream li-stream-odd
2020-06-21 14:55:25.566 [TestNG-test=Routing Test-1] DEBUG com.liveintent.Utilities.BaseUtil - Get latest shard
2020-06-21 14:55:25.566 [TestNG-test=Routing Test-1] DEBUG com.liveintent.Utilities.BaseUtil - Get latest shard from the list of shards
2020-06-21 14:55:25.566 [TestNG-test=Routing Test-1] DEBUG com.liveintent.Utilities.BaseUtil - Get records
2020-06-21 14:55:25.566 [TestNG-test=Routing Test-1] DEBUG com.liveintent.Utilities.BaseUtil - Set shard iterator type to AFTER_SEQUENCE_NUMBER for odd stream shard
2020-06-21 14:55:25.619 [TestNG-test=Routing Test-1] DEBUG com.liveintent.Utilities.BaseUtil - Set shard iterator type
2020-06-21 14:55:25.620 [TestNG-test=Routing Test-1] DEBUG com.liveintent.Utilities.BaseUtil - Get records from shard {ShardId: shardId-000000000000,HashKeyRange: {StartingHashKey: 0,EndingHashKey: 340282366920938463463374607431768211455},SequenceNumberRange: {StartingSequenceNumber: 49608164489422020316039798539215455046866857583219572738,}}
2020-06-21 14:55:25.677 [TestNG-test=Routing Test-1] DEBUG com.liveintent.Utilities.BaseUtil - Get latest record
2020-06-21 14:55:25.678 [TestNG-test=Routing Test-1] DEBUG com.liveintent.Utilities.BaseUtil - Get partition key
2020-06-21 14:55:25.678 [TestNG-test=Routing Test-1] DEBUG com.liveintent.Utilities.BaseUtil - Get partition key from the record
2020-06-21 14:55:25.679 [TestNG-test=Routing Test-1] INFO  com.liveintent.test.BaseTest - Route with 7111
2020-06-21 14:55:25.679 [TestNG-test=Routing Test-1] INFO  com.liveintent.Utilities.BaseUtil - Send GET Request with seed 7111
2020-06-21 14:55:25.679 [TestNG-test=Routing Test-1] DEBUG com.liveintent.helper.RestHelper - Send GET request with url 7111
2020-06-21 14:55:25.714 [TestNG-test=Routing Test-1] INFO  com.liveintent.test.BaseTest - Verify routing with seed 7111, Results in status code 200
2020-06-21 14:55:25.714 [TestNG-test=Routing Test-1] INFO  com.liveintent.Utilities.BaseUtil - Assert Status Code in Response
2020-06-21 14:55:25.714 [TestNG-test=Routing Test-1] INFO  com.liveintent.test.BaseTest - Verify X-Transaction-Id header is present in response
2020-06-21 14:55:25.714 [TestNG-test=Routing Test-1] INFO  com.liveintent.Utilities.BaseUtil - Assert header in Response
2020-06-21 14:55:25.715 [TestNG-test=Routing Test-1] INFO  com.liveintent.test.BaseTest - Verify data routed to the correct stream
2020-06-21 14:55:25.715 [TestNG-test=Routing Test-1] DEBUG com.liveintent.Utilities.BaseUtil - Check if the seed is even 7111
2020-06-21 14:55:25.715 [TestNG-test=Routing Test-1] DEBUG com.liveintent.Utilities.BaseUtil - Assert if record is created in odd stream
2020-06-21 14:55:25.715 [TestNG-test=Routing Test-1] DEBUG com.liveintent.Utilities.BaseUtil - Get shard list
2020-06-21 14:55:25.715 [TestNG-test=Routing Test-1] DEBUG com.liveintent.Utilities.BaseUtil - List all shards in the stream li-stream-odd
2020-06-21 14:55:25.734 [TestNG-test=Routing Test-1] DEBUG com.liveintent.Utilities.BaseUtil - Get latest shard
2020-06-21 14:55:25.734 [TestNG-test=Routing Test-1] DEBUG com.liveintent.Utilities.BaseUtil - Get latest shard from the list of shards
2020-06-21 14:55:25.734 [TestNG-test=Routing Test-1] DEBUG com.liveintent.Utilities.BaseUtil - Get records
2020-06-21 14:55:25.734 [TestNG-test=Routing Test-1] DEBUG com.liveintent.Utilities.BaseUtil - Set shard iterator type to AFTER_SEQUENCE_NUMBER for odd stream shard
2020-06-21 14:55:25.790 [TestNG-test=Routing Test-1] DEBUG com.liveintent.Utilities.BaseUtil - Set shard iterator type
2020-06-21 14:55:25.790 [TestNG-test=Routing Test-1] DEBUG com.liveintent.Utilities.BaseUtil - Get records from shard {ShardId: shardId-000000000000,HashKeyRange: {StartingHashKey: 0,EndingHashKey: 340282366920938463463374607431768211455},SequenceNumberRange: {StartingSequenceNumber: 49608164489422020316039798539215455046866857583219572738,}}
2020-06-21 14:55:25.842 [TestNG-test=Routing Test-1] DEBUG com.liveintent.Utilities.BaseUtil - Get latest record
2020-06-21 14:55:25.842 [TestNG-test=Routing Test-1] DEBUG com.liveintent.Utilities.BaseUtil - Get single record from the list of records
2020-06-21 14:55:25.843 [TestNG-test=Routing Test-1] DEBUG com.liveintent.Utilities.BaseUtil - Get partition key
2020-06-21 14:55:25.843 [TestNG-test=Routing Test-1] DEBUG com.liveintent.Utilities.BaseUtil - Get partition key from the record
2020-06-21 14:55:25.843 [TestNG-test=Routing Test-1] INFO  com.liveintent.Utilities.BaseUtil - Assert if record is not created in even stream
2020-06-21 14:55:25.844 [TestNG-test=Routing Test-1] DEBUG com.liveintent.Utilities.BaseUtil - Get shard list
2020-06-21 14:55:25.844 [TestNG-test=Routing Test-1] DEBUG com.liveintent.Utilities.BaseUtil - List all shards in the stream li-stream-even
2020-06-21 14:55:25.907 [TestNG-test=Routing Test-1] DEBUG com.liveintent.Utilities.BaseUtil - Get latest shard
2020-06-21 14:55:25.907 [TestNG-test=Routing Test-1] DEBUG com.liveintent.Utilities.BaseUtil - Get latest shard from the list of shards
2020-06-21 14:55:25.907 [TestNG-test=Routing Test-1] DEBUG com.liveintent.Utilities.BaseUtil - Get records
2020-06-21 14:55:25.907 [TestNG-test=Routing Test-1] DEBUG com.liveintent.Utilities.BaseUtil - Set shard iterator type to AFTER_SEQUENCE_NUMBER for even stream shard
2020-06-21 14:55:25.971 [TestNG-test=Routing Test-1] DEBUG com.liveintent.Utilities.BaseUtil - Set shard iterator type
2020-06-21 14:55:25.971 [TestNG-test=Routing Test-1] DEBUG com.liveintent.Utilities.BaseUtil - Get records from shard {ShardId: shardId-000000000000,HashKeyRange: {StartingHashKey: 0,EndingHashKey: 340282366920938463463374607431768211455},SequenceNumberRange: {StartingSequenceNumber: 49608164489422020316039798539215455046866857583219572738,}}
2020-06-21 14:55:26.030 [TestNG-test=Routing Test-1] DEBUG com.liveintent.Utilities.BaseUtil - Get latest record
2020-06-21 14:55:26.030 [TestNG-test=Routing Test-1] DEBUG com.liveintent.Utilities.BaseUtil - Get partition key
2020-06-21 14:55:26.030 [TestNG-test=Routing Test-1] DEBUG com.liveintent.Utilities.BaseUtil - Get partition key from the record
2020-06-21 14:55:26.031 [TestNG-test=Routing Test-1] INFO  com.liveintent.test.BaseTest - Route with 9534
2020-06-21 14:55:26.031 [TestNG-test=Routing Test-1] INFO  com.liveintent.Utilities.BaseUtil - Send GET Request with seed 9534
2020-06-21 14:55:26.031 [TestNG-test=Routing Test-1] DEBUG com.liveintent.helper.RestHelper - Send GET request with url 9534
2020-06-21 14:55:26.069 [TestNG-test=Routing Test-1] INFO  com.liveintent.test.BaseTest - Verify routing with seed 9534, Results in status code 200
2020-06-21 14:55:26.069 [TestNG-test=Routing Test-1] INFO  com.liveintent.Utilities.BaseUtil - Assert Status Code in Response
2020-06-21 14:55:26.069 [TestNG-test=Routing Test-1] INFO  com.liveintent.test.BaseTest - Verify X-Transaction-Id header is present in response
2020-06-21 14:55:26.070 [TestNG-test=Routing Test-1] INFO  com.liveintent.Utilities.BaseUtil - Assert header in Response
2020-06-21 14:55:26.070 [TestNG-test=Routing Test-1] INFO  com.liveintent.test.BaseTest - Verify data routed to the correct stream
2020-06-21 14:55:26.070 [TestNG-test=Routing Test-1] DEBUG com.liveintent.Utilities.BaseUtil - Check if the seed is even 9534
2020-06-21 14:55:26.070 [TestNG-test=Routing Test-1] INFO  com.liveintent.Utilities.BaseUtil - Assert if record is created in even stream
2020-06-21 14:55:26.070 [TestNG-test=Routing Test-1] DEBUG com.liveintent.Utilities.BaseUtil - Get shard list
2020-06-21 14:55:26.071 [TestNG-test=Routing Test-1] DEBUG com.liveintent.Utilities.BaseUtil - List all shards in the stream li-stream-even
2020-06-21 14:55:26.085 [TestNG-test=Routing Test-1] DEBUG com.liveintent.Utilities.BaseUtil - Get latest shard
2020-06-21 14:55:26.085 [TestNG-test=Routing Test-1] DEBUG com.liveintent.Utilities.BaseUtil - Get latest shard from the list of shards
2020-06-21 14:55:26.085 [TestNG-test=Routing Test-1] DEBUG com.liveintent.Utilities.BaseUtil - Get records
2020-06-21 14:55:26.085 [TestNG-test=Routing Test-1] DEBUG com.liveintent.Utilities.BaseUtil - Set shard iterator type to AFTER_SEQUENCE_NUMBER for even stream shard
2020-06-21 14:55:26.138 [TestNG-test=Routing Test-1] DEBUG com.liveintent.Utilities.BaseUtil - Set shard iterator type
2020-06-21 14:55:26.138 [TestNG-test=Routing Test-1] DEBUG com.liveintent.Utilities.BaseUtil - Get records from shard {ShardId: shardId-000000000000,HashKeyRange: {StartingHashKey: 0,EndingHashKey: 340282366920938463463374607431768211455},SequenceNumberRange: {StartingSequenceNumber: 49608164489422020316039798539215455046866857583219572738,}}
2020-06-21 14:55:26.198 [TestNG-test=Routing Test-1] DEBUG com.liveintent.Utilities.BaseUtil - Get latest record
2020-06-21 14:55:26.198 [TestNG-test=Routing Test-1] DEBUG com.liveintent.Utilities.BaseUtil - Get single record from the list of records
2020-06-21 14:55:26.199 [TestNG-test=Routing Test-1] DEBUG com.liveintent.Utilities.BaseUtil - Get partition key
2020-06-21 14:55:26.199 [TestNG-test=Routing Test-1] DEBUG com.liveintent.Utilities.BaseUtil - Get partition key from the record
2020-06-21 14:55:26.200 [TestNG-test=Routing Test-1] DEBUG com.liveintent.Utilities.BaseUtil - Assert if record is not created in odd stream
2020-06-21 14:55:26.200 [TestNG-test=Routing Test-1] DEBUG com.liveintent.Utilities.BaseUtil - Get shard list
2020-06-21 14:55:26.200 [TestNG-test=Routing Test-1] DEBUG com.liveintent.Utilities.BaseUtil - List all shards in the stream li-stream-odd
2020-06-21 14:55:26.251 [TestNG-test=Routing Test-1] DEBUG com.liveintent.Utilities.BaseUtil - Get latest shard
2020-06-21 14:55:26.252 [TestNG-test=Routing Test-1] DEBUG com.liveintent.Utilities.BaseUtil - Get latest shard from the list of shards
2020-06-21 14:55:26.252 [TestNG-test=Routing Test-1] DEBUG com.liveintent.Utilities.BaseUtil - Get records
2020-06-21 14:55:26.252 [TestNG-test=Routing Test-1] DEBUG com.liveintent.Utilities.BaseUtil - Set shard iterator type to AFTER_SEQUENCE_NUMBER for odd stream shard
2020-06-21 14:55:26.309 [TestNG-test=Routing Test-1] DEBUG com.liveintent.Utilities.BaseUtil - Set shard iterator type
2020-06-21 14:55:26.309 [TestNG-test=Routing Test-1] DEBUG com.liveintent.Utilities.BaseUtil - Get records from shard {ShardId: shardId-000000000000,HashKeyRange: {StartingHashKey: 0,EndingHashKey: 340282366920938463463374607431768211455},SequenceNumberRange: {StartingSequenceNumber: 49608164489422020316039798539215455046866857583219572738,}}
2020-06-21 14:55:26.363 [TestNG-test=Routing Test-1] DEBUG com.liveintent.Utilities.BaseUtil - Get latest record
2020-06-21 14:55:26.363 [TestNG-test=Routing Test-1] DEBUG com.liveintent.Utilities.BaseUtil - Get partition key
2020-06-21 14:55:26.363 [TestNG-test=Routing Test-1] DEBUG com.liveintent.Utilities.BaseUtil - Get partition key from the record
2020-06-21 14:55:26.364 [TestNG-test=Routing Test-1] INFO  com.liveintent.test.BaseTest - Route with 377
2020-06-21 14:55:26.364 [TestNG-test=Routing Test-1] INFO  com.liveintent.Utilities.BaseUtil - Send GET Request with seed 377
2020-06-21 14:55:26.365 [TestNG-test=Routing Test-1] DEBUG com.liveintent.helper.RestHelper - Send GET request with url 377
2020-06-21 14:55:26.393 [TestNG-test=Routing Test-1] INFO  com.liveintent.test.BaseTest - Verify routing with seed 377, Results in status code 200
2020-06-21 14:55:26.394 [TestNG-test=Routing Test-1] INFO  com.liveintent.Utilities.BaseUtil - Assert Status Code in Response
2020-06-21 14:55:26.394 [TestNG-test=Routing Test-1] INFO  com.liveintent.test.BaseTest - Verify X-Transaction-Id header is present in response
2020-06-21 14:55:26.394 [TestNG-test=Routing Test-1] INFO  com.liveintent.Utilities.BaseUtil - Assert header in Response
2020-06-21 14:55:26.394 [TestNG-test=Routing Test-1] INFO  com.liveintent.test.BaseTest - Verify data routed to the correct stream
2020-06-21 14:55:26.394 [TestNG-test=Routing Test-1] DEBUG com.liveintent.Utilities.BaseUtil - Check if the seed is even 377
2020-06-21 14:55:26.394 [TestNG-test=Routing Test-1] DEBUG com.liveintent.Utilities.BaseUtil - Assert if record is created in odd stream
2020-06-21 14:55:26.394 [TestNG-test=Routing Test-1] DEBUG com.liveintent.Utilities.BaseUtil - Get shard list
2020-06-21 14:55:26.394 [TestNG-test=Routing Test-1] DEBUG com.liveintent.Utilities.BaseUtil - List all shards in the stream li-stream-odd
2020-06-21 14:55:26.448 [TestNG-test=Routing Test-1] DEBUG com.liveintent.Utilities.BaseUtil - Get latest shard
2020-06-21 14:55:26.449 [TestNG-test=Routing Test-1] DEBUG com.liveintent.Utilities.BaseUtil - Get latest shard from the list of shards
2020-06-21 14:55:26.449 [TestNG-test=Routing Test-1] DEBUG com.liveintent.Utilities.BaseUtil - Get records
2020-06-21 14:55:26.449 [TestNG-test=Routing Test-1] DEBUG com.liveintent.Utilities.BaseUtil - Set shard iterator type to AFTER_SEQUENCE_NUMBER for odd stream shard
2020-06-21 14:55:26.503 [TestNG-test=Routing Test-1] DEBUG com.liveintent.Utilities.BaseUtil - Set shard iterator type
2020-06-21 14:55:26.503 [TestNG-test=Routing Test-1] DEBUG com.liveintent.Utilities.BaseUtil - Get records from shard {ShardId: shardId-000000000000,HashKeyRange: {StartingHashKey: 0,EndingHashKey: 340282366920938463463374607431768211455},SequenceNumberRange: {StartingSequenceNumber: 49608164489422020316039798539215455046866857583219572738,}}
2020-06-21 14:55:26.555 [TestNG-test=Routing Test-1] DEBUG com.liveintent.Utilities.BaseUtil - Get latest record
2020-06-21 14:55:26.556 [TestNG-test=Routing Test-1] DEBUG com.liveintent.Utilities.BaseUtil - Get single record from the list of records
2020-06-21 14:55:26.556 [TestNG-test=Routing Test-1] DEBUG com.liveintent.Utilities.BaseUtil - Get partition key
2020-06-21 14:55:26.556 [TestNG-test=Routing Test-1] DEBUG com.liveintent.Utilities.BaseUtil - Get partition key from the record
2020-06-21 14:55:26.556 [TestNG-test=Routing Test-1] INFO  com.liveintent.Utilities.BaseUtil - Assert if record is not created in even stream
2020-06-21 14:55:26.557 [TestNG-test=Routing Test-1] DEBUG com.liveintent.Utilities.BaseUtil - Get shard list
2020-06-21 14:55:26.557 [TestNG-test=Routing Test-1] DEBUG com.liveintent.Utilities.BaseUtil - List all shards in the stream li-stream-even
2020-06-21 14:55:26.606 [TestNG-test=Routing Test-1] DEBUG com.liveintent.Utilities.BaseUtil - Get latest shard
2020-06-21 14:55:26.607 [TestNG-test=Routing Test-1] DEBUG com.liveintent.Utilities.BaseUtil - Get latest shard from the list of shards
2020-06-21 14:55:26.607 [TestNG-test=Routing Test-1] DEBUG com.liveintent.Utilities.BaseUtil - Get records
2020-06-21 14:55:26.607 [TestNG-test=Routing Test-1] DEBUG com.liveintent.Utilities.BaseUtil - Set shard iterator type to AFTER_SEQUENCE_NUMBER for even stream shard
2020-06-21 14:55:26.659 [TestNG-test=Routing Test-1] DEBUG com.liveintent.Utilities.BaseUtil - Set shard iterator type
2020-06-21 14:55:26.659 [TestNG-test=Routing Test-1] DEBUG com.liveintent.Utilities.BaseUtil - Get records from shard {ShardId: shardId-000000000000,HashKeyRange: {StartingHashKey: 0,EndingHashKey: 340282366920938463463374607431768211455},SequenceNumberRange: {StartingSequenceNumber: 49608164489422020316039798539215455046866857583219572738,}}
2020-06-21 14:55:26.713 [TestNG-test=Routing Test-1] DEBUG com.liveintent.Utilities.BaseUtil - Get latest record
2020-06-21 14:55:26.713 [TestNG-test=Routing Test-1] DEBUG com.liveintent.Utilities.BaseUtil - Get partition key
2020-06-21 14:55:26.714 [TestNG-test=Routing Test-1] DEBUG com.liveintent.Utilities.BaseUtil - Get partition key from the record
2020-06-21 14:55:26.715 [TestNG-test=Routing Test-1] INFO  com.liveintent.test.BaseTest - Route with 38790
2020-06-21 14:55:26.715 [TestNG-test=Routing Test-1] INFO  com.liveintent.Utilities.BaseUtil - Send GET Request with seed 38790
2020-06-21 14:55:26.715 [TestNG-test=Routing Test-1] DEBUG com.liveintent.helper.RestHelper - Send GET request with url 38790
2020-06-21 14:55:26.742 [TestNG-test=Routing Test-1] INFO  com.liveintent.test.BaseTest - Verify routing with seed 38790, Results in status code 200
2020-06-21 14:55:26.742 [TestNG-test=Routing Test-1] INFO  com.liveintent.Utilities.BaseUtil - Assert Status Code in Response
2020-06-21 14:55:26.742 [TestNG-test=Routing Test-1] INFO  com.liveintent.test.BaseTest - Verify X-Transaction-Id header is present in response
2020-06-21 14:55:26.742 [TestNG-test=Routing Test-1] INFO  com.liveintent.Utilities.BaseUtil - Assert header in Response
2020-06-21 14:55:26.742 [TestNG-test=Routing Test-1] INFO  com.liveintent.test.BaseTest - Verify data routed to the correct stream
2020-06-21 14:55:26.742 [TestNG-test=Routing Test-1] DEBUG com.liveintent.Utilities.BaseUtil - Check if the seed is even 38790
2020-06-21 14:55:26.742 [TestNG-test=Routing Test-1] INFO  com.liveintent.Utilities.BaseUtil - Assert if record is created in even stream
2020-06-21 14:55:26.742 [TestNG-test=Routing Test-1] DEBUG com.liveintent.Utilities.BaseUtil - Get shard list
2020-06-21 14:55:26.742 [TestNG-test=Routing Test-1] DEBUG com.liveintent.Utilities.BaseUtil - List all shards in the stream li-stream-even
2020-06-21 14:55:26.794 [TestNG-test=Routing Test-1] DEBUG com.liveintent.Utilities.BaseUtil - Get latest shard
2020-06-21 14:55:26.794 [TestNG-test=Routing Test-1] DEBUG com.liveintent.Utilities.BaseUtil - Get latest shard from the list of shards
2020-06-21 14:55:26.794 [TestNG-test=Routing Test-1] DEBUG com.liveintent.Utilities.BaseUtil - Get records
2020-06-21 14:55:26.794 [TestNG-test=Routing Test-1] DEBUG com.liveintent.Utilities.BaseUtil - Set shard iterator type to AFTER_SEQUENCE_NUMBER for even stream shard
2020-06-21 14:55:26.847 [TestNG-test=Routing Test-1] DEBUG com.liveintent.Utilities.BaseUtil - Set shard iterator type
2020-06-21 14:55:26.848 [TestNG-test=Routing Test-1] DEBUG com.liveintent.Utilities.BaseUtil - Get records from shard {ShardId: shardId-000000000000,HashKeyRange: {StartingHashKey: 0,EndingHashKey: 340282366920938463463374607431768211455},SequenceNumberRange: {StartingSequenceNumber: 49608164489422020316039798539215455046866857583219572738,}}
2020-06-21 14:55:26.906 [TestNG-test=Routing Test-1] DEBUG com.liveintent.Utilities.BaseUtil - Get latest record
2020-06-21 14:55:26.906 [TestNG-test=Routing Test-1] DEBUG com.liveintent.Utilities.BaseUtil - Get single record from the list of records
2020-06-21 14:55:26.906 [TestNG-test=Routing Test-1] DEBUG com.liveintent.Utilities.BaseUtil - Get partition key
2020-06-21 14:55:26.907 [TestNG-test=Routing Test-1] DEBUG com.liveintent.Utilities.BaseUtil - Get partition key from the record
2020-06-21 14:55:26.907 [TestNG-test=Routing Test-1] DEBUG com.liveintent.Utilities.BaseUtil - Assert if record is not created in odd stream
2020-06-21 14:55:26.907 [TestNG-test=Routing Test-1] DEBUG com.liveintent.Utilities.BaseUtil - Get shard list
2020-06-21 14:55:26.907 [TestNG-test=Routing Test-1] DEBUG com.liveintent.Utilities.BaseUtil - List all shards in the stream li-stream-odd
2020-06-21 14:55:26.963 [TestNG-test=Routing Test-1] DEBUG com.liveintent.Utilities.BaseUtil - Get latest shard
2020-06-21 14:55:26.963 [TestNG-test=Routing Test-1] DEBUG com.liveintent.Utilities.BaseUtil - Get latest shard from the list of shards
2020-06-21 14:55:26.963 [TestNG-test=Routing Test-1] DEBUG com.liveintent.Utilities.BaseUtil - Get records
2020-06-21 14:55:26.963 [TestNG-test=Routing Test-1] DEBUG com.liveintent.Utilities.BaseUtil - Set shard iterator type to AFTER_SEQUENCE_NUMBER for odd stream shard
2020-06-21 14:55:27.014 [TestNG-test=Routing Test-1] DEBUG com.liveintent.Utilities.BaseUtil - Set shard iterator type
2020-06-21 14:55:27.014 [TestNG-test=Routing Test-1] DEBUG com.liveintent.Utilities.BaseUtil - Get records from shard {ShardId: shardId-000000000000,HashKeyRange: {StartingHashKey: 0,EndingHashKey: 340282366920938463463374607431768211455},SequenceNumberRange: {StartingSequenceNumber: 49608164489422020316039798539215455046866857583219572738,}}
2020-06-21 14:55:27.065 [TestNG-test=Routing Test-1] DEBUG com.liveintent.Utilities.BaseUtil - Get latest record
2020-06-21 14:55:27.065 [TestNG-test=Routing Test-1] DEBUG com.liveintent.Utilities.BaseUtil - Get partition key
2020-06-21 14:55:27.065 [TestNG-test=Routing Test-1] DEBUG com.liveintent.Utilities.BaseUtil - Get partition key from the record
2020-06-21 14:55:27.066 [TestNG-test=Routing Test-1] INFO  com.liveintent.test.BaseTest - Route with -500
2020-06-21 14:55:27.066 [TestNG-test=Routing Test-1] INFO  com.liveintent.Utilities.BaseUtil - Send GET Request with seed -500
2020-06-21 14:55:27.066 [TestNG-test=Routing Test-1] DEBUG com.liveintent.helper.RestHelper - Send GET request with url -500
2020-06-21 14:55:27.091 [TestNG-test=Routing Test-1] INFO  com.liveintent.test.BaseTest - Verify routing with seed -500, Results in status code 200
2020-06-21 14:55:27.092 [TestNG-test=Routing Test-1] INFO  com.liveintent.Utilities.BaseUtil - Assert Status Code in Response
2020-06-21 14:55:27.092 [TestNG-test=Routing Test-1] INFO  com.liveintent.test.BaseTest - Verify X-Transaction-Id header is present in response
2020-06-21 14:55:27.092 [TestNG-test=Routing Test-1] INFO  com.liveintent.Utilities.BaseUtil - Assert header in Response
2020-06-21 14:55:27.092 [TestNG-test=Routing Test-1] INFO  com.liveintent.test.BaseTest - Verify data routed to the correct stream
2020-06-21 14:55:27.092 [TestNG-test=Routing Test-1] DEBUG com.liveintent.Utilities.BaseUtil - Check if the seed is even -500
2020-06-21 14:55:27.092 [TestNG-test=Routing Test-1] INFO  com.liveintent.Utilities.BaseUtil - Assert if record is created in even stream
2020-06-21 14:55:27.092 [TestNG-test=Routing Test-1] DEBUG com.liveintent.Utilities.BaseUtil - Get shard list
2020-06-21 14:55:27.092 [TestNG-test=Routing Test-1] DEBUG com.liveintent.Utilities.BaseUtil - List all shards in the stream li-stream-even
2020-06-21 14:55:27.147 [TestNG-test=Routing Test-1] DEBUG com.liveintent.Utilities.BaseUtil - Get latest shard
2020-06-21 14:55:27.148 [TestNG-test=Routing Test-1] DEBUG com.liveintent.Utilities.BaseUtil - Get latest shard from the list of shards
2020-06-21 14:55:27.148 [TestNG-test=Routing Test-1] DEBUG com.liveintent.Utilities.BaseUtil - Get records
2020-06-21 14:55:27.148 [TestNG-test=Routing Test-1] DEBUG com.liveintent.Utilities.BaseUtil - Set shard iterator type to AFTER_SEQUENCE_NUMBER for even stream shard
2020-06-21 14:55:27.204 [TestNG-test=Routing Test-1] DEBUG com.liveintent.Utilities.BaseUtil - Set shard iterator type
2020-06-21 14:55:27.205 [TestNG-test=Routing Test-1] DEBUG com.liveintent.Utilities.BaseUtil - Get records from shard {ShardId: shardId-000000000000,HashKeyRange: {StartingHashKey: 0,EndingHashKey: 340282366920938463463374607431768211455},SequenceNumberRange: {StartingSequenceNumber: 49608164489422020316039798539215455046866857583219572738,}}
2020-06-21 14:55:27.258 [TestNG-test=Routing Test-1] DEBUG com.liveintent.Utilities.BaseUtil - Get latest record
2020-06-21 14:55:27.259 [TestNG-test=Routing Test-1] DEBUG com.liveintent.Utilities.BaseUtil - Get single record from the list of records
2020-06-21 14:55:27.259 [TestNG-test=Routing Test-1] DEBUG com.liveintent.Utilities.BaseUtil - Get partition key
2020-06-21 14:55:27.259 [TestNG-test=Routing Test-1] DEBUG com.liveintent.Utilities.BaseUtil - Get partition key from the record
2020-06-21 14:55:27.260 [TestNG-test=Routing Test-1] DEBUG com.liveintent.Utilities.BaseUtil - Assert if record is not created in odd stream
2020-06-21 14:55:27.260 [TestNG-test=Routing Test-1] DEBUG com.liveintent.Utilities.BaseUtil - Get shard list
2020-06-21 14:55:27.260 [TestNG-test=Routing Test-1] DEBUG com.liveintent.Utilities.BaseUtil - List all shards in the stream li-stream-odd
2020-06-21 14:55:27.312 [TestNG-test=Routing Test-1] DEBUG com.liveintent.Utilities.BaseUtil - Get latest shard
2020-06-21 14:55:27.312 [TestNG-test=Routing Test-1] DEBUG com.liveintent.Utilities.BaseUtil - Get latest shard from the list of shards
2020-06-21 14:55:27.313 [TestNG-test=Routing Test-1] DEBUG com.liveintent.Utilities.BaseUtil - Get records
2020-06-21 14:55:27.313 [TestNG-test=Routing Test-1] DEBUG com.liveintent.Utilities.BaseUtil - Set shard iterator type to AFTER_SEQUENCE_NUMBER for odd stream shard
2020-06-21 14:55:27.369 [TestNG-test=Routing Test-1] DEBUG com.liveintent.Utilities.BaseUtil - Set shard iterator type
2020-06-21 14:55:27.369 [TestNG-test=Routing Test-1] DEBUG com.liveintent.Utilities.BaseUtil - Get records from shard {ShardId: shardId-000000000000,HashKeyRange: {StartingHashKey: 0,EndingHashKey: 340282366920938463463374607431768211455},SequenceNumberRange: {StartingSequenceNumber: 49608164489422020316039798539215455046866857583219572738,}}
2020-06-21 14:55:27.422 [TestNG-test=Routing Test-1] DEBUG com.liveintent.Utilities.BaseUtil - Get latest record
2020-06-21 14:55:27.422 [TestNG-test=Routing Test-1] DEBUG com.liveintent.Utilities.BaseUtil - Get partition key
2020-06-21 14:55:27.422 [TestNG-test=Routing Test-1] DEBUG com.liveintent.Utilities.BaseUtil - Get partition key from the record
2020-06-21 14:55:27.423 [TestNG-test=Routing Test-1] INFO  com.liveintent.test.BaseTest - Route with 0.003
2020-06-21 14:55:27.423 [TestNG-test=Routing Test-1] INFO  com.liveintent.Utilities.BaseUtil - Send GET Request with seed 0.003
2020-06-21 14:55:27.423 [TestNG-test=Routing Test-1] DEBUG com.liveintent.helper.RestHelper - Send GET request with url 0.003
2020-06-21 14:55:27.436 [TestNG-test=Routing Test-1] INFO  com.liveintent.test.BaseTest - Verify routing with seed 0.003, Results in status code 400
2020-06-21 14:55:27.436 [TestNG-test=Routing Test-1] INFO  com.liveintent.Utilities.BaseUtil - Assert Status Code in Response
2020-06-21 14:55:27.436 [TestNG-test=Routing Test-1] INFO  com.liveintent.test.BaseTest - Route with 1.45
2020-06-21 14:55:27.437 [TestNG-test=Routing Test-1] INFO  com.liveintent.Utilities.BaseUtil - Send GET Request with seed 1.45
2020-06-21 14:55:27.437 [TestNG-test=Routing Test-1] DEBUG com.liveintent.helper.RestHelper - Send GET request with url 1.45
2020-06-21 14:55:27.449 [TestNG-test=Routing Test-1] INFO  com.liveintent.test.BaseTest - Verify routing with seed 1.45, Results in status code 400
2020-06-21 14:55:27.449 [TestNG-test=Routing Test-1] INFO  com.liveintent.Utilities.BaseUtil - Assert Status Code in Response
2020-06-21 14:55:27.449 [TestNG-test=Routing Test-1] INFO  com.liveintent.test.BaseTest - Route with -8.9099
2020-06-21 14:55:27.449 [TestNG-test=Routing Test-1] INFO  com.liveintent.Utilities.BaseUtil - Send GET Request with seed -8.9099
2020-06-21 14:55:27.449 [TestNG-test=Routing Test-1] DEBUG com.liveintent.helper.RestHelper - Send GET request with url -8.9099
2020-06-21 14:55:27.466 [TestNG-test=Routing Test-1] INFO  com.liveintent.test.BaseTest - Verify routing with seed -8.9099, Results in status code 400
2020-06-21 14:55:27.466 [TestNG-test=Routing Test-1] INFO  com.liveintent.Utilities.BaseUtil - Assert Status Code in Response
2020-06-21 14:55:27.467 [TestNG-test=Routing Test-1] INFO  com.liveintent.test.BaseTest - Route with test
2020-06-21 14:55:27.467 [TestNG-test=Routing Test-1] INFO  com.liveintent.Utilities.BaseUtil - Send GET Request with seed test
2020-06-21 14:55:27.467 [TestNG-test=Routing Test-1] DEBUG com.liveintent.helper.RestHelper - Send GET request with url test
2020-06-21 14:55:27.480 [TestNG-test=Routing Test-1] INFO  com.liveintent.test.BaseTest - Verify routing with seed test, Results in status code 400
2020-06-21 14:55:27.480 [TestNG-test=Routing Test-1] INFO  com.liveintent.Utilities.BaseUtil - Assert Status Code in Response
2020-06-21 14:55:27.481 [TestNG-test=Routing Test-1] INFO  com.liveintent.test.BaseTest - Route with !@#$%^&*()
2020-06-21 14:55:27.481 [TestNG-test=Routing Test-1] INFO  com.liveintent.Utilities.BaseUtil - Send GET Request with seed !@#$%^&*()
2020-06-21 14:55:27.481 [TestNG-test=Routing Test-1] DEBUG com.liveintent.helper.RestHelper - Send GET request with url !@#$%^&*()
2020-06-21 14:55:27.495 [TestNG-test=Routing Test-1] INFO  com.liveintent.test.BaseTest - Verify routing with seed !@#$%^&*(), Results in status code 400
2020-06-21 14:55:27.495 [TestNG-test=Routing Test-1] INFO  com.liveintent.Utilities.BaseUtil - Assert Status Code in Response
2020-06-21 14:55:27.495 [TestNG-test=Routing Test-1] INFO  com.liveintent.test.BaseTest - Route with /
2020-06-21 14:55:27.495 [TestNG-test=Routing Test-1] INFO  com.liveintent.Utilities.BaseUtil - Send GET Request with seed /
2020-06-21 14:55:27.496 [TestNG-test=Routing Test-1] DEBUG com.liveintent.helper.RestHelper - Send GET request with url /
2020-06-21 14:55:27.523 [TestNG-test=Routing Test-1] INFO  com.liveintent.test.BaseTest - Verify routing with seed /, Results in status code 404
2020-06-21 14:55:27.523 [TestNG-test=Routing Test-1] INFO  com.liveintent.Utilities.BaseUtil - Assert Status Code in Response
2020-06-21 14:55:27.524 [TestNG-test=Routing Test-1] INFO  com.liveintent.test.BaseTest - Route with //
2020-06-21 14:55:27.524 [TestNG-test=Routing Test-1] INFO  com.liveintent.Utilities.BaseUtil - Send GET Request with seed //
2020-06-21 14:55:27.524 [TestNG-test=Routing Test-1] DEBUG com.liveintent.helper.RestHelper - Send GET request with url //
2020-06-21 14:55:27.536 [TestNG-test=Routing Test-1] INFO  com.liveintent.test.BaseTest - Verify routing with seed //, Results in status code 404
2020-06-21 14:55:27.536 [TestNG-test=Routing Test-1] INFO  com.liveintent.Utilities.BaseUtil - Assert Status Code in Response
2020-06-21 14:55:27.537 [TestNG-test=Routing Test-1] INFO  com.liveintent.test.BaseTest - Route with \\
2020-06-21 14:55:27.537 [TestNG-test=Routing Test-1] INFO  com.liveintent.Utilities.BaseUtil - Send GET Request with seed \\
2020-06-21 14:55:27.537 [TestNG-test=Routing Test-1] DEBUG com.liveintent.helper.RestHelper - Send GET request with url \\
2020-06-21 14:55:27.551 [TestNG-test=Routing Test-1] INFO  com.liveintent.test.BaseTest - Verify routing with seed \\, Results in status code 400
2020-06-21 14:55:27.552 [TestNG-test=Routing Test-1] INFO  com.liveintent.Utilities.BaseUtil - Assert Status Code in Response
2020-06-21 14:55:27.552 [TestNG-test=Routing Test-1] INFO  com.liveintent.test.BaseTest - Route with 2147483647523534534
2020-06-21 14:55:27.553 [TestNG-test=Routing Test-1] INFO  com.liveintent.Utilities.BaseUtil - Send GET Request with seed 2147483647523534534
2020-06-21 14:55:27.553 [TestNG-test=Routing Test-1] DEBUG com.liveintent.helper.RestHelper - Send GET request with url 2147483647523534534
2020-06-21 14:55:27.580 [TestNG-test=Routing Test-1] INFO  com.liveintent.test.BaseTest - Verify routing with seed 2147483647523534534, Results in status code 200
2020-06-21 14:55:27.580 [TestNG-test=Routing Test-1] INFO  com.liveintent.Utilities.BaseUtil - Assert Status Code in Response
2020-06-21 14:55:27.580 [TestNG-test=Routing Test-1] INFO  com.liveintent.test.BaseTest - Verify X-Transaction-Id header is present in response
2020-06-21 14:55:27.580 [TestNG-test=Routing Test-1] INFO  com.liveintent.Utilities.BaseUtil - Assert header in Response
2020-06-21 14:55:27.580 [TestNG-test=Routing Test-1] INFO  com.liveintent.test.BaseTest - Verify data routed to the correct stream
2020-06-21 14:55:27.580 [TestNG-test=Routing Test-1] DEBUG com.liveintent.Utilities.BaseUtil - Check if the seed is even 2147483647523534534
2020-06-21 14:55:27.580 [TestNG-test=Routing Test-1] INFO  com.liveintent.Utilities.BaseUtil - Assert if record is created in even stream
2020-06-21 14:55:27.580 [TestNG-test=Routing Test-1] DEBUG com.liveintent.Utilities.BaseUtil - Get shard list
2020-06-21 14:55:27.580 [TestNG-test=Routing Test-1] DEBUG com.liveintent.Utilities.BaseUtil - List all shards in the stream li-stream-even
2020-06-21 14:55:27.595 [TestNG-test=Routing Test-1] DEBUG com.liveintent.Utilities.BaseUtil - Get latest shard
2020-06-21 14:55:27.595 [TestNG-test=Routing Test-1] DEBUG com.liveintent.Utilities.BaseUtil - Get latest shard from the list of shards
2020-06-21 14:55:27.595 [TestNG-test=Routing Test-1] DEBUG com.liveintent.Utilities.BaseUtil - Get records
2020-06-21 14:55:27.595 [TestNG-test=Routing Test-1] DEBUG com.liveintent.Utilities.BaseUtil - Set shard iterator type to AFTER_SEQUENCE_NUMBER for even stream shard
2020-06-21 14:55:27.649 [TestNG-test=Routing Test-1] DEBUG com.liveintent.Utilities.BaseUtil - Set shard iterator type
2020-06-21 14:55:27.649 [TestNG-test=Routing Test-1] DEBUG com.liveintent.Utilities.BaseUtil - Get records from shard {ShardId: shardId-000000000000,HashKeyRange: {StartingHashKey: 0,EndingHashKey: 340282366920938463463374607431768211455},SequenceNumberRange: {StartingSequenceNumber: 49608164489422020316039798539215455046866857583219572738,}}
2020-06-21 14:55:27.719 [TestNG-test=Routing Test-1] DEBUG com.liveintent.Utilities.BaseUtil - Get latest record
2020-06-21 14:55:27.719 [TestNG-test=Routing Test-1] DEBUG com.liveintent.Utilities.BaseUtil - Get single record from the list of records
2020-06-21 14:55:27.720 [TestNG-test=Routing Test-1] DEBUG com.liveintent.Utilities.BaseUtil - Get partition key
2020-06-21 14:55:27.720 [TestNG-test=Routing Test-1] DEBUG com.liveintent.Utilities.BaseUtil - Get partition key from the record
2020-06-21 14:55:27.720 [TestNG-test=Routing Test-1] DEBUG com.liveintent.Utilities.BaseUtil - Assert if record is not created in odd stream
2020-06-21 14:55:27.721 [TestNG-test=Routing Test-1] DEBUG com.liveintent.Utilities.BaseUtil - Get shard list
2020-06-21 14:55:27.721 [TestNG-test=Routing Test-1] DEBUG com.liveintent.Utilities.BaseUtil - List all shards in the stream li-stream-odd
2020-06-21 14:55:27.774 [TestNG-test=Routing Test-1] DEBUG com.liveintent.Utilities.BaseUtil - Get latest shard
2020-06-21 14:55:27.774 [TestNG-test=Routing Test-1] DEBUG com.liveintent.Utilities.BaseUtil - Get latest shard from the list of shards
2020-06-21 14:55:27.774 [TestNG-test=Routing Test-1] DEBUG com.liveintent.Utilities.BaseUtil - Get records
2020-06-21 14:55:27.774 [TestNG-test=Routing Test-1] DEBUG com.liveintent.Utilities.BaseUtil - Set shard iterator type to AFTER_SEQUENCE_NUMBER for odd stream shard
2020-06-21 14:55:27.831 [TestNG-test=Routing Test-1] DEBUG com.liveintent.Utilities.BaseUtil - Set shard iterator type
2020-06-21 14:55:27.831 [TestNG-test=Routing Test-1] DEBUG com.liveintent.Utilities.BaseUtil - Get records from shard {ShardId: shardId-000000000000,HashKeyRange: {StartingHashKey: 0,EndingHashKey: 340282366920938463463374607431768211455},SequenceNumberRange: {StartingSequenceNumber: 49608164489422020316039798539215455046866857583219572738,}}
2020-06-21 14:55:27.888 [TestNG-test=Routing Test-1] DEBUG com.liveintent.Utilities.BaseUtil - Get latest record
2020-06-21 14:55:27.889 [TestNG-test=Routing Test-1] DEBUG com.liveintent.Utilities.BaseUtil - Get partition key
2020-06-21 14:55:27.889 [TestNG-test=Routing Test-1] DEBUG com.liveintent.Utilities.BaseUtil - Get partition key from the record
2020-06-21 14:55:27.890 [TestNG-test=Routing Test-1] INFO  com.liveintent.test.BaseTest - Route with 999999999999999999
2020-06-21 14:55:27.891 [TestNG-test=Routing Test-1] INFO  com.liveintent.Utilities.BaseUtil - Send GET Request with seed 999999999999999999
2020-06-21 14:55:27.891 [TestNG-test=Routing Test-1] DEBUG com.liveintent.helper.RestHelper - Send GET request with url 999999999999999999
2020-06-21 14:55:27.921 [TestNG-test=Routing Test-1] INFO  com.liveintent.test.BaseTest - Verify routing with seed 999999999999999999, Results in status code 200
2020-06-21 14:55:27.921 [TestNG-test=Routing Test-1] INFO  com.liveintent.Utilities.BaseUtil - Assert Status Code in Response
2020-06-21 14:55:27.921 [TestNG-test=Routing Test-1] INFO  com.liveintent.test.BaseTest - Verify X-Transaction-Id header is present in response
2020-06-21 14:55:27.921 [TestNG-test=Routing Test-1] INFO  com.liveintent.Utilities.BaseUtil - Assert header in Response
2020-06-21 14:55:27.922 [TestNG-test=Routing Test-1] INFO  com.liveintent.test.BaseTest - Verify data routed to the correct stream
2020-06-21 14:55:27.922 [TestNG-test=Routing Test-1] DEBUG com.liveintent.Utilities.BaseUtil - Check if the seed is even 999999999999999999
2020-06-21 14:55:27.922 [TestNG-test=Routing Test-1] DEBUG com.liveintent.Utilities.BaseUtil - Assert if record is created in odd stream
2020-06-21 14:55:27.922 [TestNG-test=Routing Test-1] DEBUG com.liveintent.Utilities.BaseUtil - Get shard list
2020-06-21 14:55:27.922 [TestNG-test=Routing Test-1] DEBUG com.liveintent.Utilities.BaseUtil - List all shards in the stream li-stream-odd
2020-06-21 14:55:27.931 [TestNG-test=Routing Test-1] DEBUG com.liveintent.Utilities.BaseUtil - Get latest shard
2020-06-21 14:55:27.931 [TestNG-test=Routing Test-1] DEBUG com.liveintent.Utilities.BaseUtil - Get latest shard from the list of shards
2020-06-21 14:55:27.931 [TestNG-test=Routing Test-1] DEBUG com.liveintent.Utilities.BaseUtil - Get records
2020-06-21 14:55:27.931 [TestNG-test=Routing Test-1] DEBUG com.liveintent.Utilities.BaseUtil - Set shard iterator type to AFTER_SEQUENCE_NUMBER for odd stream shard
2020-06-21 14:55:27.985 [TestNG-test=Routing Test-1] DEBUG com.liveintent.Utilities.BaseUtil - Set shard iterator type
2020-06-21 14:55:27.985 [TestNG-test=Routing Test-1] DEBUG com.liveintent.Utilities.BaseUtil - Get records from shard {ShardId: shardId-000000000000,HashKeyRange: {StartingHashKey: 0,EndingHashKey: 340282366920938463463374607431768211455},SequenceNumberRange: {StartingSequenceNumber: 49608164489422020316039798539215455046866857583219572738,}}
2020-06-21 14:55:28.040 [TestNG-test=Routing Test-1] DEBUG com.liveintent.Utilities.BaseUtil - Get latest record
2020-06-21 14:55:28.040 [TestNG-test=Routing Test-1] DEBUG com.liveintent.Utilities.BaseUtil - Get single record from the list of records
2020-06-21 14:55:28.041 [TestNG-test=Routing Test-1] DEBUG com.liveintent.Utilities.BaseUtil - Get partition key
2020-06-21 14:55:28.041 [TestNG-test=Routing Test-1] DEBUG com.liveintent.Utilities.BaseUtil - Get partition key from the record
2020-06-21 14:55:28.041 [TestNG-test=Routing Test-1] INFO  com.liveintent.Utilities.BaseUtil - Assert if record is not created in even stream
2020-06-21 14:55:28.041 [TestNG-test=Routing Test-1] DEBUG com.liveintent.Utilities.BaseUtil - Get shard list
2020-06-21 14:55:28.041 [TestNG-test=Routing Test-1] DEBUG com.liveintent.Utilities.BaseUtil - List all shards in the stream li-stream-even
2020-06-21 14:55:28.092 [TestNG-test=Routing Test-1] DEBUG com.liveintent.Utilities.BaseUtil - Get latest shard
2020-06-21 14:55:28.092 [TestNG-test=Routing Test-1] DEBUG com.liveintent.Utilities.BaseUtil - Get latest shard from the list of shards
2020-06-21 14:55:28.092 [TestNG-test=Routing Test-1] DEBUG com.liveintent.Utilities.BaseUtil - Get records
2020-06-21 14:55:28.092 [TestNG-test=Routing Test-1] DEBUG com.liveintent.Utilities.BaseUtil - Set shard iterator type to AFTER_SEQUENCE_NUMBER for even stream shard
2020-06-21 14:55:28.143 [TestNG-test=Routing Test-1] DEBUG com.liveintent.Utilities.BaseUtil - Set shard iterator type
2020-06-21 14:55:28.143 [TestNG-test=Routing Test-1] DEBUG com.liveintent.Utilities.BaseUtil - Get records from shard {ShardId: shardId-000000000000,HashKeyRange: {StartingHashKey: 0,EndingHashKey: 340282366920938463463374607431768211455},SequenceNumberRange: {StartingSequenceNumber: 49608164489422020316039798539215455046866857583219572738,}}
2020-06-21 14:55:28.199 [TestNG-test=Routing Test-1] DEBUG com.liveintent.Utilities.BaseUtil - Get latest record
2020-06-21 14:55:28.199 [TestNG-test=Routing Test-1] DEBUG com.liveintent.Utilities.BaseUtil - Get partition key
2020-06-21 14:55:28.200 [TestNG-test=Routing Test-1] DEBUG com.liveintent.Utilities.BaseUtil - Get partition key from the record
2020-06-21 14:55:28.200 [TestNG-test=Routing Test-1] INFO  com.liveintent.test.BaseTest - Route with -999999999999999999
2020-06-21 14:55:28.201 [TestNG-test=Routing Test-1] INFO  com.liveintent.Utilities.BaseUtil - Send GET Request with seed -999999999999999999
2020-06-21 14:55:28.201 [TestNG-test=Routing Test-1] DEBUG com.liveintent.helper.RestHelper - Send GET request with url -999999999999999999
2020-06-21 14:55:28.228 [TestNG-test=Routing Test-1] INFO  com.liveintent.test.BaseTest - Verify routing with seed -999999999999999999, Results in status code 200
2020-06-21 14:55:28.228 [TestNG-test=Routing Test-1] INFO  com.liveintent.Utilities.BaseUtil - Assert Status Code in Response
2020-06-21 14:55:28.228 [TestNG-test=Routing Test-1] INFO  com.liveintent.test.BaseTest - Verify X-Transaction-Id header is present in response
2020-06-21 14:55:28.228 [TestNG-test=Routing Test-1] INFO  com.liveintent.Utilities.BaseUtil - Assert header in Response
2020-06-21 14:55:28.228 [TestNG-test=Routing Test-1] INFO  com.liveintent.test.BaseTest - Verify data routed to the correct stream
2020-06-21 14:55:28.228 [TestNG-test=Routing Test-1] DEBUG com.liveintent.Utilities.BaseUtil - Check if the seed is even -999999999999999999
2020-06-21 14:55:28.228 [TestNG-test=Routing Test-1] DEBUG com.liveintent.Utilities.BaseUtil - Assert if record is created in odd stream
2020-06-21 14:55:28.228 [TestNG-test=Routing Test-1] DEBUG com.liveintent.Utilities.BaseUtil - Get shard list
2020-06-21 14:55:28.228 [TestNG-test=Routing Test-1] DEBUG com.liveintent.Utilities.BaseUtil - List all shards in the stream li-stream-odd
2020-06-21 14:55:28.279 [TestNG-test=Routing Test-1] DEBUG com.liveintent.Utilities.BaseUtil - Get latest shard
2020-06-21 14:55:28.279 [TestNG-test=Routing Test-1] DEBUG com.liveintent.Utilities.BaseUtil - Get latest shard from the list of shards
2020-06-21 14:55:28.280 [TestNG-test=Routing Test-1] DEBUG com.liveintent.Utilities.BaseUtil - Get records
2020-06-21 14:55:28.280 [TestNG-test=Routing Test-1] DEBUG com.liveintent.Utilities.BaseUtil - Set shard iterator type to AFTER_SEQUENCE_NUMBER for odd stream shard
2020-06-21 14:55:28.334 [TestNG-test=Routing Test-1] DEBUG com.liveintent.Utilities.BaseUtil - Set shard iterator type
2020-06-21 14:55:28.334 [TestNG-test=Routing Test-1] DEBUG com.liveintent.Utilities.BaseUtil - Get records from shard {ShardId: shardId-000000000000,HashKeyRange: {StartingHashKey: 0,EndingHashKey: 340282366920938463463374607431768211455},SequenceNumberRange: {StartingSequenceNumber: 49608164489422020316039798539215455046866857583219572738,}}
2020-06-21 14:55:28.392 [TestNG-test=Routing Test-1] DEBUG com.liveintent.Utilities.BaseUtil - Get latest record
2020-06-21 14:55:28.392 [TestNG-test=Routing Test-1] DEBUG com.liveintent.Utilities.BaseUtil - Get single record from the list of records
2020-06-21 14:55:28.393 [TestNG-test=Routing Test-1] DEBUG com.liveintent.Utilities.BaseUtil - Get partition key
2020-06-21 14:55:28.398 [TestNG-test=Routing Test-1] DEBUG com.liveintent.Utilities.BaseUtil - Get partition key from the record
2020-06-21 14:55:28.398 [TestNG-test=Routing Test-1] INFO  com.liveintent.Utilities.BaseUtil - Assert if record is not created in even stream
2020-06-21 14:55:28.398 [TestNG-test=Routing Test-1] DEBUG com.liveintent.Utilities.BaseUtil - Get shard list
2020-06-21 14:55:28.398 [TestNG-test=Routing Test-1] DEBUG com.liveintent.Utilities.BaseUtil - List all shards in the stream li-stream-even
2020-06-21 14:55:28.451 [TestNG-test=Routing Test-1] DEBUG com.liveintent.Utilities.BaseUtil - Get latest shard
2020-06-21 14:55:28.451 [TestNG-test=Routing Test-1] DEBUG com.liveintent.Utilities.BaseUtil - Get latest shard from the list of shards
2020-06-21 14:55:28.451 [TestNG-test=Routing Test-1] DEBUG com.liveintent.Utilities.BaseUtil - Get records
2020-06-21 14:55:28.451 [TestNG-test=Routing Test-1] DEBUG com.liveintent.Utilities.BaseUtil - Set shard iterator type to AFTER_SEQUENCE_NUMBER for even stream shard
2020-06-21 14:55:28.504 [TestNG-test=Routing Test-1] DEBUG com.liveintent.Utilities.BaseUtil - Set shard iterator type
2020-06-21 14:55:28.505 [TestNG-test=Routing Test-1] DEBUG com.liveintent.Utilities.BaseUtil - Get records from shard {ShardId: shardId-000000000000,HashKeyRange: {StartingHashKey: 0,EndingHashKey: 340282366920938463463374607431768211455},SequenceNumberRange: {StartingSequenceNumber: 49608164489422020316039798539215455046866857583219572738,}}
2020-06-21 14:55:28.556 [TestNG-test=Routing Test-1] DEBUG com.liveintent.Utilities.BaseUtil - Get latest record
2020-06-21 14:55:28.556 [TestNG-test=Routing Test-1] DEBUG com.liveintent.Utilities.BaseUtil - Get partition key
2020-06-21 14:55:28.556 [TestNG-test=Routing Test-1] DEBUG com.liveintent.Utilities.BaseUtil - Get partition key from the record
2020-06-21 14:55:28.557 [TestNG-test=Routing Test-1] INFO  com.liveintent.test.BaseTest - Route with 123456789098765432123456789098765432123456789
2020-06-21 14:55:28.557 [TestNG-test=Routing Test-1] INFO  com.liveintent.Utilities.BaseUtil - Send GET Request with seed 123456789098765432123456789098765432123456789
2020-06-21 14:55:28.557 [TestNG-test=Routing Test-1] DEBUG com.liveintent.helper.RestHelper - Send GET request with url 123456789098765432123456789098765432123456789
2020-06-21 14:55:28.572 [TestNG-test=Routing Test-1] INFO  com.liveintent.test.BaseTest - Verify routing with seed 123456789098765432123456789098765432123456789, Results in status code 400
2020-06-21 14:55:28.572 [TestNG-test=Routing Test-1] INFO  com.liveintent.Utilities.BaseUtil - Assert Status Code in Response
2020-06-21 14:55:28.573 [TestNG-test=Routing Test-1] INFO  com.liveintent.test.BaseTest - Route with 12345678909876543212345678909876543212345678
2020-06-21 14:55:28.573 [TestNG-test=Routing Test-1] INFO  com.liveintent.Utilities.BaseUtil - Send GET Request with seed 12345678909876543212345678909876543212345678
2020-06-21 14:55:28.573 [TestNG-test=Routing Test-1] DEBUG com.liveintent.helper.RestHelper - Send GET request with url 12345678909876543212345678909876543212345678
2020-06-21 14:55:28.586 [TestNG-test=Routing Test-1] INFO  com.liveintent.test.BaseTest - Verify routing with seed 12345678909876543212345678909876543212345678, Results in status code 400
2020-06-21 14:55:28.586 [TestNG-test=Routing Test-1] INFO  com.liveintent.Utilities.BaseUtil - Assert Status Code in Response
2020-06-21 14:55:28.587 [TestNG-test=Routing Test-1] INFO  com.liveintent.test.BaseTest - Route with null
2020-06-21 14:55:28.587 [TestNG-test=Routing Test-1] INFO  com.liveintent.Utilities.BaseUtil - Send GET Request with seed null
2020-06-21 14:55:28.587 [TestNG-test=Routing Test-1] DEBUG com.liveintent.helper.RestHelper - Send GET request with url null
2020-06-21 14:55:28.605 [TestNG-test=Routing Test-1] INFO  com.liveintent.test.BaseTest - Verify routing with seed null, Results in status code 400
2020-06-21 14:55:28.605 [TestNG-test=Routing Test-1] INFO  com.liveintent.Utilities.BaseUtil - Assert Status Code in Response
2020-06-21 14:55:28.606 [TestNG-test=Routing Test-1] INFO  com.liveintent.test.BaseTest - Route with 
2020-06-21 14:55:28.606 [TestNG-test=Routing Test-1] INFO  com.liveintent.Utilities.BaseUtil - Send GET Request with seed 
2020-06-21 14:55:28.606 [TestNG-test=Routing Test-1] DEBUG com.liveintent.helper.RestHelper - Send GET request with url 
2020-06-21 14:55:28.625 [TestNG-test=Routing Test-1] INFO  com.liveintent.test.BaseTest - Verify routing with seed , Results in status code 404
2020-06-21 14:55:28.625 [TestNG-test=Routing Test-1] INFO  com.liveintent.Utilities.BaseUtil - Assert Status Code in Response
2020-06-21 14:55:28.626 [TestNG-test=Routing Test-1] INFO  com.liveintent.test.BaseTest - Route with ""
2020-06-21 14:55:28.626 [TestNG-test=Routing Test-1] INFO  com.liveintent.Utilities.BaseUtil - Send GET Request with seed ""
2020-06-21 14:55:28.626 [TestNG-test=Routing Test-1] DEBUG com.liveintent.helper.RestHelper - Send GET request with url ""
2020-06-21 14:55:28.642 [TestNG-test=Routing Test-1] INFO  com.liveintent.test.BaseTest - Verify routing with seed "", Results in status code 400
2020-06-21 14:55:28.642 [TestNG-test=Routing Test-1] INFO  com.liveintent.Utilities.BaseUtil - Assert Status Code in Response
2020-06-21 14:55:28.643 [TestNG-test=Routing Test-1] INFO  com.liveintent.test.BaseTest - Route with " "
2020-06-21 14:55:28.643 [TestNG-test=Routing Test-1] INFO  com.liveintent.Utilities.BaseUtil - Send GET Request with seed " "
2020-06-21 14:55:28.643 [TestNG-test=Routing Test-1] DEBUG com.liveintent.helper.RestHelper - Send GET request with url " "
2020-06-21 14:55:28.658 [TestNG-test=Routing Test-1] INFO  com.liveintent.test.BaseTest - Verify routing with seed " ", Results in status code 400
2020-06-21 14:55:28.659 [TestNG-test=Routing Test-1] INFO  com.liveintent.Utilities.BaseUtil - Assert Status Code in Response
2020-06-21 14:55:33.683 [main] INFO  com.liveintent.test.BaseTest - **--------------------------------END TEST--------------------------------**
